<?xml version="1.0" encoding="UTF-8"?>
<testng-results ignored="0" total="1" passed="1" failed="0" skipped="0">
  <reporter-output>
  </reporter-output>
  <suite started-at="2023-09-24T04:17:13 BDT" name="Default suite" finished-at="2023-09-24T04:17:44 BDT" duration-ms="31387">
    <groups>
    </groups>
    <test started-at="2023-09-24T04:17:13 BDT" name="Default test" finished-at="2023-09-24T04:17:44 BDT" duration-ms="31387">
      <class name="testCases.TC1_Login_To_FirstPage">
        <test-method signature="verify_FirstPage_Login()[pri:0, instance:testCases.TC1_Login_To_FirstPage@78e4deb0]" started-at="2023-09-24T04:17:13 BDT" name="verify_FirstPage_Login" finished-at="2023-09-24T04:17:44 BDT" duration-ms="31342" status="PASS">
          <reporter-output>
          </reporter-output>
        </test-method> <!-- verify_FirstPage_Login -->
      </class> <!-- testCases.TC1_Login_To_FirstPage -->
    </test> <!-- Default test -->
  </suite> <!-- Default suite -->
</testng-results>
