<?xml version="1.0" encoding="UTF-8"?>
<testng-results ignored="0" total="1" passed="1" failed="0" skipped="0">
  <reporter-output>
  </reporter-output>
  <suite started-at="2023-09-28T00:10:50 CDT" name="Default suite" finished-at="2023-09-28T00:11:19 CDT" duration-ms="29027">
    <groups>
    </groups>
    <test started-at="2023-09-28T00:10:50 CDT" name="Default test" finished-at="2023-09-28T00:11:19 CDT" duration-ms="29027">
      <class name="testCases.TC1_Login_To_FirstPage">
        <test-method signature="verify_FirstPage_Login()[pri:0, instance:testCases.TC1_Login_To_FirstPage@4f18837a]" started-at="2023-09-28T00:10:51 CDT" name="verify_FirstPage_Login" finished-at="2023-09-28T00:11:19 CDT" duration-ms="28987" status="PASS">
          <reporter-output>
          </reporter-output>
        </test-method> <!-- verify_FirstPage_Login -->
      </class> <!-- testCases.TC1_Login_To_FirstPage -->
    </test> <!-- Default test -->
  </suite> <!-- Default suite -->
</testng-results>
